rename_argument: Applied 33 times
return_optimal: Applied 27 times
add_argumemts: Applied 32 times
rename_api: Applied 32 times
rename_local_variable: Applied 24 times
add_local_variable: Applied 7 times
rename_method_name: Applied 32 times
enhance_if: Applied 8 times
add_print: Applied 32 times
duplication: Applied 11 times
apply_plus_zero_math: Applied 4 times
insert_random_function: Applied 33 times
insert_random_class: Applied 33 times
create_typo: Applied 26 times
dead_branch_if_else: Applied 32 times
dead_branch_if: Applied 32 times
dead_branch_while: Applied 32 times
dead_branch_for: Applied 32 times
insert_safe_random_space: Applied 32 times
Total applied: 494 times
