rename_argument: Applied 780 times
return_optimal: Applied 648 times
add_argumemts: Applied 780 times
rename_api: Applied 780 times
rename_local_variable: Applied 565 times
add_local_variable: Applied 257 times
rename_method_name: Applied 780 times
enhance_if: Applied 140 times
add_print: Applied 780 times
duplication: Applied 250 times
apply_plus_zero_math: Applied 92 times
insert_random_function: Applied 780 times
insert_random_class: Applied 780 times
create_typo: Applied 629 times
dead_branch_if_else: Applied 780 times
dead_branch_if: Applied 780 times
dead_branch_while: Applied 780 times
dead_branch_for: Applied 780 times
insert_safe_random_space: Applied 780 times
Total applied: 11941 times
