rename_argument: Applied 97 times
return_optimal: Applied 91 times
add_argumemts: Applied 97 times
rename_api: Applied 97 times
rename_local_variable: Applied 75 times
add_local_variable: Applied 28 times
rename_method_name: Applied 97 times
enhance_if: Applied 22 times
add_print: Applied 97 times
duplication: Applied 34 times
apply_plus_zero_math: Applied 8 times
insert_random_function: Applied 97 times
insert_random_class: Applied 97 times
create_typo: Applied 63 times
dead_branch_if_else: Applied 97 times
dead_branch_if: Applied 98 times
dead_branch_while: Applied 97 times
dead_branch_for: Applied 97 times
insert_safe_random_space: Applied 97 times
Total applied: 1486 times
