rename_argument: Applied 1560 times
return_optimal: Applied 1483 times
add_argumemts: Applied 1560 times
rename_api: Applied 1560 times
rename_local_variable: Applied 1050 times
add_local_variable: Applied 484 times
rename_method_name: Applied 1560 times
enhance_if: Applied 356 times
add_print: Applied 1560 times
duplication: Applied 461 times
apply_plus_zero_math: Applied 162 times
insert_random_function: Applied 1560 times
insert_random_class: Applied 1560 times
create_typo: Applied 1101 times
dead_branch_if_else: Applied 1560 times
dead_branch_if: Applied 1560 times
dead_branch_while: Applied 1560 times
dead_branch_for: Applied 1560 times
insert_safe_random_space: Applied 1560 times
Total applied: 23817 times
