rename_argument: Applied 146 times
return_optimal: Applied 146 times
add_argumemts: Applied 146 times
rename_api: Applied 146 times
rename_local_variable: Applied 84 times
add_local_variable: Applied 44 times
rename_method_name: Applied 146 times
enhance_if: Applied 31 times
add_print: Applied 146 times
duplication: Applied 36 times
apply_plus_zero_math: Applied 22 times
insert_random_function: Applied 146 times
insert_random_class: Applied 146 times
create_typo: Applied 101 times
dead_branch_if_else: Applied 146 times
dead_branch_if: Applied 146 times
dead_branch_while: Applied 146 times
dead_branch_for: Applied 146 times
insert_safe_random_space: Applied 146 times
Total applied: 2216 times
