slurm submission log: 2020-12-01 23:37:17.166494
created following sbatch script: 

###############################

#!/bin/bash

#SBATCH --cpus-per-task=2
#SBATCH --gres=gpu:0
#SBATCH --job-name=process_amazon
#SBATCH --mem=64g
#SBATCH --open-mode=append
#SBATCH --output=process_amazon.out
#SBATCH --partition=john
#SBATCH --time=10-0

# activate your desired anaconda environment
. /u/nlp/anaconda/main/anaconda3/etc/profile.d/conda.sh ; conda activate py37-pws

# cd to working directory
cd .

# launch commands
srun --unbuffered run_as_child_processes 'python /u/scr/ssagawa/dr_benchmark/dataset_preprocessing/amazon_yelp/generate_splits_amazon.py --root_dir /u/scr/nlp/dro'

###############################

submission to slurm complete!


###############################
slurm submission output

Submitted batch job 1931187



###############################

###############################
start time: 2020-12-01 23:37:22.696722
machine: john1.stanford.edu
conda env: py37-pws
###############################
running following processes

	python /u/scr/ssagawa/dr_benchmark/dataset_preprocessing/amazon_yelp/generate_splits_amazon.py --root_dir /u/scr/nlp/dro


###############################
command outputs: 


###############################
end time: 2020-12-01 23:44:19.384323
elapsed time: 0:06:56.687601
