slurm submission log: 2020-12-01 18:06:32.663503
created following sbatch script: 

###############################

#!/bin/bash

#SBATCH --cpus-per-task=2
#SBATCH --gres=gpu:0
#SBATCH --job-name=process_yelp
#SBATCH --mem=64g
#SBATCH --open-mode=append
#SBATCH --output=process_yelp.out
#SBATCH --partition=john
#SBATCH --time=10-0

# activate your desired anaconda environment
. /u/nlp/anaconda/main/anaconda3/etc/profile.d/conda.sh ; conda activate py37-pws

# cd to working directory
cd .

# launch commands
srun --unbuffered run_as_child_processes 'python /u/scr/ssagawa/dr_benchmark/dataset_preprocessing/amazon_yelp/generate_splits_yelp.py --root_dir /u/scr/nlp/dro'

###############################

submission to slurm complete!


###############################
slurm submission output

Submitted batch job 1931019



###############################

###############################
start time: 2020-12-01 18:30:25.166388
machine: john9.stanford.edu
conda env: py37-pws
###############################
running following processes

	python /u/scr/ssagawa/dr_benchmark/dataset_preprocessing/amazon_yelp/generate_splits_yelp.py --root_dir /u/scr/nlp/dro


###############################
command outputs: 


###############################
end time: 2020-12-01 18:33:31.724881
elapsed time: 0:03:06.558493
